payments-core/build/intermediates/manifest_merge_blame_file/release/manifest-merger-blame-release-report.txt
1<?xml version="1.0" encoding="utf-8"?>
2<manifest xmlns:android="http://schemas.android.com/apk/res/android"
3    package="com.stripe.android" >
4
5    <uses-sdk
6        android:minSdkVersion="21"
6-->stripe-appstore/payments-core/AndroidManifest.xml
7        android:targetSdkVersion="31" />
7-->stripe-appstore/payments-core/AndroidManifest.xml
8
9<!--     See https://developer.android.com/training/package-visibility/declaring for more details. -->
10    <queries>
10-->stripe-appstore/payments-core/AndroidManifest.xml:80:5-85:15
11
12<!--         Added to check if Chrome is installed for browser-based payment authentication (e.g. 3DS1). -->
13        <package android:name="com.android.chrome" />
13-->stripe-appstore/payments-core/AndroidManifest.xml:84:9-54
13-->stripe-appstore/payments-core/AndroidManifest.xml:84:18-51
14    </queries>
15
16    <application>
16-->stripe-appstore/payments-core/AndroidManifest.xml:5:5-75:19
17        <activity
17-->stripe-appstore/payments-core/AndroidManifest.xml:6:9-9:40
18            android:name="com.stripe.android.view.AddPaymentMethodActivity"
18-->stripe-appstore/payments-core/AndroidManifest.xml:7:13-58
19            android:exported="false"
19-->stripe-appstore/payments-core/AndroidManifest.xml:9:13-37
20            android:theme="@style/StripeDefaultTheme" />
20-->stripe-appstore/payments-core/AndroidManifest.xml:8:13-54
21        <activity
21-->stripe-appstore/payments-core/AndroidManifest.xml:10:9-13:40
22            android:name="com.stripe.android.view.PaymentMethodsActivity"
22-->stripe-appstore/payments-core/AndroidManifest.xml:11:13-56
23            android:exported="false"
23-->stripe-appstore/payments-core/AndroidManifest.xml:13:13-37
24            android:theme="@style/StripeDefaultTheme" />
24-->stripe-appstore/payments-core/AndroidManifest.xml:12:13-54
25        <activity
25-->stripe-appstore/payments-core/AndroidManifest.xml:14:9-17:40
26            android:name="com.stripe.android.view.PaymentFlowActivity"
26-->stripe-appstore/payments-core/AndroidManifest.xml:15:13-53
27            android:exported="false"
27-->stripe-appstore/payments-core/AndroidManifest.xml:17:13-37
28            android:theme="@style/StripeDefaultTheme" />
28-->stripe-appstore/payments-core/AndroidManifest.xml:16:13-54
29        <activity
29-->stripe-appstore/payments-core/AndroidManifest.xml:18:9-22:40
30            android:name="com.stripe.android.view.PaymentAuthWebViewActivity"
30-->stripe-appstore/payments-core/AndroidManifest.xml:19:13-60
31            android:exported="false"
31-->stripe-appstore/payments-core/AndroidManifest.xml:22:13-37
32            android:theme="@style/StripeDefaultTheme"
32-->stripe-appstore/payments-core/AndroidManifest.xml:20:13-54
33            android:windowSoftInputMode="adjustResize" />
33-->stripe-appstore/payments-core/AndroidManifest.xml:21:13-55
34        <activity
34-->stripe-appstore/payments-core/AndroidManifest.xml:23:9-26:40
35            android:name="com.stripe.android.view.PaymentRelayActivity"
35-->stripe-appstore/payments-core/AndroidManifest.xml:24:13-54
36            android:exported="false"
36-->stripe-appstore/payments-core/AndroidManifest.xml:26:13-37
37            android:theme="@style/StripeTransparentTheme" />
37-->stripe-appstore/payments-core/AndroidManifest.xml:25:13-58
38
39        <!--
40        Set android:launchMode="singleTop" so that the StripeBrowserLauncherActivity instance that
41        launched the browser Activity will also handle the return URL deep link.
42        -->
43        <activity
43-->stripe-appstore/payments-core/AndroidManifest.xml:32:9-50:20
44            android:name="com.stripe.android.payments.StripeBrowserLauncherActivity"
44-->stripe-appstore/payments-core/AndroidManifest.xml:33:13-67
45            android:exported="true"
45-->stripe-appstore/payments-core/AndroidManifest.xml:36:13-36
46            android:launchMode="singleTask"
46-->stripe-appstore/payments-core/AndroidManifest.xml:35:13-44
47            android:theme="@style/StripeTransparentTheme" >
47-->stripe-appstore/payments-core/AndroidManifest.xml:34:13-58
48            <intent-filter>
48-->stripe-appstore/payments-core/AndroidManifest.xml:37:13-49:29
49                <action android:name="android.intent.action.VIEW" />
49-->stripe-appstore/payments-core/AndroidManifest.xml:38:17-69
49-->stripe-appstore/payments-core/AndroidManifest.xml:38:25-66
50
51                <category android:name="android.intent.category.DEFAULT" />
51-->stripe-appstore/payments-core/AndroidManifest.xml:39:17-76
51-->stripe-appstore/payments-core/AndroidManifest.xml:39:27-73
52                <category android:name="android.intent.category.BROWSABLE" />
52-->stripe-appstore/payments-core/AndroidManifest.xml:40:17-78
52-->stripe-appstore/payments-core/AndroidManifest.xml:40:27-75
53
54<!--                 Must match `DefaultReturnUrl#value`. -->
55                <data
55-->stripe-appstore/payments-core/AndroidManifest.xml:45:17-48:56
56                    android:host="payment_return_url"
56-->stripe-appstore/payments-core/AndroidManifest.xml:47:21-54
57                    android:path="/${applicationId}"
57-->stripe-appstore/payments-core/AndroidManifest.xml:48:21-53
58                    android:scheme="stripesdk" />
58-->stripe-appstore/payments-core/AndroidManifest.xml:46:21-47
59            </intent-filter>
60        </activity>
61        <activity
61-->stripe-appstore/payments-core/AndroidManifest.xml:52:9-55:40
62            android:name="com.stripe.android.payments.core.authentication.threeds2.Stripe3ds2TransactionActivity"
62-->stripe-appstore/payments-core/AndroidManifest.xml:53:13-96
63            android:exported="false"
63-->stripe-appstore/payments-core/AndroidManifest.xml:55:13-37
64            android:theme="@style/StripeDefaultTheme" />
64-->stripe-appstore/payments-core/AndroidManifest.xml:54:13-54
65        <activity
65-->stripe-appstore/payments-core/AndroidManifest.xml:57:9-60:39
66            android:name="com.stripe.android.googlepaylauncher.StripeGooglePayActivity"
66-->stripe-appstore/payments-core/AndroidManifest.xml:58:13-70
67            android:exported="false"
67-->stripe-appstore/payments-core/AndroidManifest.xml:60:13-37
68            android:theme="@style/StripeGooglePayDefaultTheme" />
68-->stripe-appstore/payments-core/AndroidManifest.xml:59:13-63
69        <activity
69-->stripe-appstore/payments-core/AndroidManifest.xml:62:9-65:40
70            android:name="com.stripe.android.googlepaylauncher.GooglePayLauncherActivity"
70-->stripe-appstore/payments-core/AndroidManifest.xml:63:13-72
71            android:exported="false"
71-->stripe-appstore/payments-core/AndroidManifest.xml:65:13-37
72            android:theme="@style/StripeGooglePayDefaultTheme" />
72-->stripe-appstore/payments-core/AndroidManifest.xml:64:13-63
73        <activity
73-->stripe-appstore/payments-core/AndroidManifest.xml:67:9-70:40
74            android:name="com.stripe.android.googlepaylauncher.GooglePayPaymentMethodLauncherActivity"
74-->stripe-appstore/payments-core/AndroidManifest.xml:68:13-85
75            android:exported="false"
75-->stripe-appstore/payments-core/AndroidManifest.xml:70:13-37
76            android:theme="@style/StripeGooglePayDefaultTheme" />
76-->stripe-appstore/payments-core/AndroidManifest.xml:69:13-63
77        <activity
77-->stripe-appstore/payments-core/AndroidManifest.xml:72:9-74:39
78            android:name="com.stripe.android.payments.paymentlauncher.PaymentLauncherConfirmationActivity"
78-->stripe-appstore/payments-core/AndroidManifest.xml:72:19-95
79            android:exported="false"
79-->stripe-appstore/payments-core/AndroidManifest.xml:74:13-37
80            android:theme="@style/PayLauncherDefaultTheme" />
80-->stripe-appstore/payments-core/AndroidManifest.xml:73:13-59
81    </application>
82
83</manifest>